2020-09-05 16:03:29,792    INFO       client Запускаем работу клиента...
2020-09-05 16:03:29,793    DEBUG      client Запускаем проверку входных данных: порт и хост...
2020-09-05 16:03:29,793    DEBUG      client Проверка входных данных прошла успешно.
2020-09-05 16:03:29,793    INFO       client Попытка подключения к серверу:
Порт сервера: 8888
Адрес сервера: 192.168.0.107
2020-09-05 16:03:30,795    CRITICAL   client Ошибка: возможно скрипты клиента и сервара были запущены с разными входными параметрами.
2020-09-05 16:05:02,993    INFO       client Запускаем работу клиента...
2020-09-05 16:05:02,993    DEBUG      client Запускаем проверку входных данных: порт и хост...
2020-09-05 16:05:02,993    DEBUG      client Проверка входных данных прошла успешно.
2020-09-05 16:05:02,993    INFO       client Попытка подключения к серверу:
Порт сервера: 8888
Адрес сервера: 192.168.0.107
2020-09-05 16:05:02,993    DEBUG      client Формируем сообщение для сервера...
2020-09-05 16:05:02,994    DEBUG      client Запуск функции формирования сообщения для сервера...
2020-09-05 16:05:02,994    DEBUG      client Сообщение для сервера сформировано.
2020-09-05 16:05:02,998    DEBUG      client Отправляем сообщение для сервера...
2020-09-05 16:05:02,998    DEBUG      client Получаем ответ сервера...
2020-09-05 16:05:03,003    DEBUG      client Интерпретируем ответ сервера...
2020-09-05 16:05:03,003    DEBUG      client Запуск функции интерпретирования ответа сервера...
2020-09-05 16:05:03,003    DEBUG      client Ответ сервера корректен. Формируем штатную интерпретацию...
2020-09-05 16:05:03,004    DEBUG      client Закрываем соединение с сервером
