2020-09-08 14:15:05,338    INFO       client –ó–∞–ø—É—Å–∫–∞–µ–º —Ä–∞–±–æ—Ç—É –∫–ª–∏–µ–Ω—Ç–∞...
2020-09-08 14:15:05,339    DEBUG      client –ó–∞–ø—É—Å–∫–∞–µ–º –ø—Ä–æ–≤–µ—Ä–∫—É –≤—Ö–æ–¥–Ω—ã—Ö –¥–∞–Ω–Ω—ã—Ö: –ø–æ—Ä—Ç –∏ —Ö–æ—Å—Ç...
2020-09-08 14:15:05,339    DEBUG      client –ü—Ä–æ–≤–µ—Ä–∫–∞ –≤—Ö–æ–¥–Ω—ã—Ö –¥–∞–Ω–Ω—ã—Ö –ø—Ä–æ—à–ª–∞ —É—Å–ø–µ—à–Ω–æ.
2020-09-08 14:15:05,340    INFO       client –ü–æ–ø—ã—Ç–∫–∞ –ø–æ–¥–∫–ª—é—á–µ–Ω–∏—è –∫ —Å–µ—Ä–≤–µ—Ä—É:
–ü–æ—Ä—Ç —Å–µ—Ä–≤–µ—Ä–∞: 8888
–ê–¥—Ä–µ—Å —Å–µ—Ä–≤–µ—Ä–∞: 192.168.0.107
2020-09-08 14:15:06,352    CRITICAL   client –û—à–∏–±–∫–∞: –≤–æ–∑–º–æ–∂–Ω–æ —Å–∫—Ä–∏–ø—Ç—ã –∫–ª–∏–µ–Ω—Ç–∞ –∏ —Å–µ—Ä–≤–∞—Ä–∞ –±—ã–ª–∏ –∑–∞–ø—É—â–µ–Ω—ã —Å —Ä–∞–∑–Ω—ã–º–∏ –≤—Ö–æ–¥–Ω—ã–º–∏ –ø–∞—Ä–∞–º–µ—Ç—Ä–∞–º–∏.–ò–ª–∏ –∂–µ —Å–µ—Ä–≤–µ—Ä –Ω–µ –∑–∞–ø—É—â–µ–Ω.
2020-09-08 17:20:03,758    INFO       client –ó–∞–ø—É—Å–∫–∞–µ–º —Ä–∞–±–æ—Ç—É –∫–ª–∏–µ–Ω—Ç–∞...
2020-09-08 17:20:03,763    DEBUG      log_decorator 
–ò–¥–µ—Ç –≤—ã–∑–æ–≤ —Ñ—É–Ω–∫—Ü–∏–∏.
–ò–º—è: arg_parser_func
–ü–æ–∑–∏—Ü–∏–æ–Ω–Ω—ã–µ –∞—Ä–≥—É–º–µ–Ω—Ç—ã: ()
–ò–º–µ–Ω–æ–≤–∞–Ω–Ω—ã–µ –∞—Ä–≥—É–º–µ–Ω—Ç—ã: {}
–§—É–Ω–∫—Ü–∏—è-—Ä–æ–¥–∏—Ç–µ–ª—å: main

2020-09-08 17:20:03,763    INFO       client –†–µ–∂–∏–º —Ä–∞–±–æ—Ç—ã –∫–ª–∏–µ–Ω—Ç–∞ send
2020-09-08 17:20:03,764    INFO       client –ü–æ–ø—ã—Ç–∫–∞ –ø–æ–¥–∫–ª—é—á–µ–Ω–∏—è –∫ —Å–µ—Ä–≤–µ—Ä—É:
–ü–æ—Ä—Ç —Å–µ—Ä–≤–µ—Ä–∞: 8888
–ê–¥—Ä–µ—Å —Å–µ—Ä–≤–µ—Ä–∞: 192.168.0.107
2020-09-08 17:20:03,764    DEBUG      client –§–æ—Ä–º–∏—Ä—É–µ–º –ø—Ä–∏–≤–µ—Ç—Å—Ç–≤–µ–Ω–Ω–æ–µ —Å–æ–æ–±—â–µ–Ω–∏–µ –¥–ª—è —Å–µ—Ä–≤–µ—Ä–∞...
2020-09-08 17:20:03,764    DEBUG      client –°–æ–æ–±—â–µ–Ω–∏–µ –¥–ª—è —Å–µ—Ä–≤–µ—Ä–∞ —Å—Ñ–æ—Ä–º–∏—Ä–æ–≤–∞–Ω–æ.
2020-09-08 17:20:03,764    DEBUG      log_decorator 
–ò–¥–µ—Ç –≤—ã–∑–æ–≤ —Ñ—É–Ω–∫—Ü–∏–∏.
–ò–º—è: client_msg_presence_func
–ü–æ–∑–∏—Ü–∏–æ–Ω–Ω—ã–µ –∞—Ä–≥—É–º–µ–Ω—Ç—ã: ()
–ò–º–µ–Ω–æ–≤–∞–Ω–Ω—ã–µ –∞—Ä–≥—É–º–µ–Ω—Ç—ã: {}
–§—É–Ω–∫—Ü–∏—è-—Ä–æ–¥–∏—Ç–µ–ª—å: main

2020-09-08 17:20:03,764    DEBUG      client –û—Ç–ø—Ä–∞–≤–ª—è–µ–º —Å–æ–æ–±—â–µ–Ω–∏–µ –¥–ª—è —Å–µ—Ä–≤–µ—Ä–∞...
2020-09-08 17:20:03,765    DEBUG      log_decorator 
–ò–¥–µ—Ç –≤—ã–∑–æ–≤ —Ñ—É–Ω–∫—Ü–∏–∏.
–ò–º—è: msg_send_func
–ü–æ–∑–∏—Ü–∏–æ–Ω–Ω—ã–µ –∞—Ä–≥—É–º–µ–Ω—Ç—ã: ({'action': 'presence', 'time': 1599574803.7643073, 'user': {'account_name': 'Guest'}}, <socket.socket fd=396, family=AddressFamily.AF_INET, type=SocketKind.SOCK_STREAM, proto=0, laddr=('192.168.0.107', 51683), raddr=('192.168.0.107', 8888)>)
–ò–º–µ–Ω–æ–≤–∞–Ω–Ω—ã–µ –∞—Ä–≥—É–º–µ–Ω—Ç—ã: {}
–§—É–Ω–∫—Ü–∏—è-—Ä–æ–¥–∏—Ç–µ–ª—å: main

2020-09-08 17:20:03,765    INFO       client –ñ–¥–µ–º –æ—Ç–≤–µ—Ç –æ—Ç —Å–µ—Ä–≤–µ—Ä–∞...
2020-09-08 17:20:03,970    DEBUG      log_decorator 
–ò–¥–µ—Ç –≤—ã–∑–æ–≤ —Ñ—É–Ω–∫—Ü–∏–∏.
–ò–º—è: msg_recv_func
–ü–æ–∑–∏—Ü–∏–æ–Ω–Ω—ã–µ –∞—Ä–≥—É–º–µ–Ω—Ç—ã: (<socket.socket fd=396, family=AddressFamily.AF_INET, type=SocketKind.SOCK_STREAM, proto=0, laddr=('192.168.0.107', 51683), raddr=('192.168.0.107', 8888)>,)
–ò–º–µ–Ω–æ–≤–∞–Ω–Ω—ã–µ –∞—Ä–≥—É–º–µ–Ω—Ç—ã: {}
–§—É–Ω–∫—Ü–∏—è-—Ä–æ–¥–∏—Ç–µ–ª—å: main

2020-09-08 17:20:03,970    INFO       client –£—Å—Ç–∞–Ω–æ–≤–ª–µ–Ω–æ —Å–æ–µ–¥–∏–Ω–µ–Ω–∏–µ —Å —Å–µ—Ä–≤–µ—Ä–æ–º. –ü–æ–ª—É—á–µ–Ω –æ—Ç–≤–µ—Ç —Å–µ—Ä–≤–µ—Ä–∞...
2020-09-08 17:20:03,971    DEBUG      client –ò–Ω—Ç–µ—Ä–ø—Ä–µ—Ç–∏—Ä—É–µ–º –æ—Ç–≤–µ—Ç —Å–µ—Ä–≤–µ—Ä–∞...
2020-09-08 17:20:03,971    DEBUG      client –ó–∞–ø—É—Å–∫ —Ñ—É–Ω–∫—Ü–∏–∏ –∏–Ω—Ç–µ—Ä–ø—Ä–µ—Ç–∏—Ä–æ–≤–∞–Ω–∏—è –æ—Ç–≤–µ—Ç–∞ —Å–µ—Ä–≤–µ—Ä–∞...
2020-09-08 17:20:03,971    DEBUG      client –û—Ç–≤–µ—Ç —Å–µ—Ä–≤–µ—Ä–∞ –∫–æ—Ä—Ä–µ–∫—Ç–µ–Ω. –§–æ—Ä–º–∏—Ä—É–µ–º —à—Ç–∞—Ç–Ω—É—é –∏–Ω—Ç–µ—Ä–ø—Ä–µ—Ç–∞—Ü–∏—é...
2020-09-08 17:20:03,974    DEBUG      log_decorator 
–ò–¥–µ—Ç –≤—ã–∑–æ–≤ —Ñ—É–Ω–∫—Ü–∏–∏.
–ò–º—è: ans_rework_func
–ü–æ–∑–∏—Ü–∏–æ–Ω–Ω—ã–µ –∞—Ä–≥—É–º–µ–Ω—Ç—ã: ({'response': 200},)
–ò–º–µ–Ω–æ–≤–∞–Ω–Ω—ã–µ –∞—Ä–≥—É–º–µ–Ω—Ç—ã: {}
–§—É–Ω–∫—Ü–∏—è-—Ä–æ–¥–∏—Ç–µ–ª—å: main

2020-09-08 17:20:03,974    INFO       client –û—Ç–≤–µ—Ç —Å–µ—Ä–≤–µ—Ä–∞:
–ö–æ–¥ –æ—Ç–≤–µ—Ç–∞ —Å–µ—Ä–≤–µ—Ä–∞: 200 ->> –≤—Å–µ —Ö–æ—Ä–æ—à–æ.
2020-09-08 17:25:02,062    INFO       client –ó–∞–ø—É—Å–∫–∞–µ–º —Ä–∞–±–æ—Ç—É –∫–ª–∏–µ–Ω—Ç–∞...
2020-09-08 17:25:02,066    DEBUG      log_decorator 
–ò–¥–µ—Ç –≤—ã–∑–æ–≤ —Ñ—É–Ω–∫—Ü–∏–∏.
–ò–º—è: arg_parser_func
–ü–æ–∑–∏—Ü–∏–æ–Ω–Ω—ã–µ –∞—Ä–≥—É–º–µ–Ω—Ç—ã: ()
–ò–º–µ–Ω–æ–≤–∞–Ω–Ω—ã–µ –∞—Ä–≥—É–º–µ–Ω—Ç—ã: {}
–§—É–Ω–∫—Ü–∏—è-—Ä–æ–¥–∏—Ç–µ–ª—å: main

2020-09-08 17:25:02,067    INFO       client –†–µ–∂–∏–º —Ä–∞–±–æ—Ç—ã –∫–ª–∏–µ–Ω—Ç–∞: send
2020-09-08 17:25:02,067    INFO       client –ü–æ–ø—ã—Ç–∫–∞ –ø–æ–¥–∫–ª—é—á–µ–Ω–∏—è –∫ —Å–µ—Ä–≤–µ—Ä—É:
–ü–æ—Ä—Ç —Å–µ—Ä–≤–µ—Ä–∞: 8888
–ê–¥—Ä–µ—Å —Å–µ—Ä–≤–µ—Ä–∞: 192.168.0.107
2020-09-08 17:25:02,067    INFO       client –£—Å—Ç–∞–Ω–æ–≤–ª–µ–Ω–æ —Å–æ–µ–¥–∏–Ω–µ–Ω–∏–µ —Å —Å–µ—Ä–≤–µ—Ä–æ–º.
2020-09-08 17:25:02,067    DEBUG      client –§–æ—Ä–º–∏—Ä—É–µ–º –ø—Ä–∏–≤–µ—Ç—Å—Ç–≤–µ–Ω–Ω–æ–µ —Å–æ–æ–±—â–µ–Ω–∏–µ –¥–ª—è —Å–µ—Ä–≤–µ—Ä–∞...
2020-09-08 17:25:02,067    DEBUG      client –°–æ–æ–±—â–µ–Ω–∏–µ –¥–ª—è —Å–µ—Ä–≤–µ—Ä–∞ —Å—Ñ–æ—Ä–º–∏—Ä–æ–≤–∞–Ω–æ.
2020-09-08 17:25:02,068    DEBUG      log_decorator 
–ò–¥–µ—Ç –≤—ã–∑–æ–≤ —Ñ—É–Ω–∫—Ü–∏–∏.
–ò–º—è: client_msg_presence_func
–ü–æ–∑–∏—Ü–∏–æ–Ω–Ω—ã–µ –∞—Ä–≥—É–º–µ–Ω—Ç—ã: ()
–ò–º–µ–Ω–æ–≤–∞–Ω–Ω—ã–µ –∞—Ä–≥—É–º–µ–Ω—Ç—ã: {}
–§—É–Ω–∫—Ü–∏—è-—Ä–æ–¥–∏—Ç–µ–ª—å: main

2020-09-08 17:25:02,068    DEBUG      client –û—Ç–ø—Ä–∞–≤–ª—è–µ–º —Å–æ–æ–±—â–µ–Ω–∏–µ –¥–ª—è —Å–µ—Ä–≤–µ—Ä–∞...
2020-09-08 17:25:02,068    DEBUG      log_decorator 
–ò–¥–µ—Ç –≤—ã–∑–æ–≤ —Ñ—É–Ω–∫—Ü–∏–∏.
–ò–º—è: msg_send_func
–ü–æ–∑–∏—Ü–∏–æ–Ω–Ω—ã–µ –∞—Ä–≥—É–º–µ–Ω—Ç—ã: ({'action': 'presence', 'time': 1599575102.0676975, 'user': {'account_name': 'Guest'}}, <socket.socket fd=360, family=AddressFamily.AF_INET, type=SocketKind.SOCK_STREAM, proto=0, laddr=('192.168.0.107', 51699), raddr=('192.168.0.107', 8888)>)
–ò–º–µ–Ω–æ–≤–∞–Ω–Ω—ã–µ –∞—Ä–≥—É–º–µ–Ω—Ç—ã: {}
–§—É–Ω–∫—Ü–∏—è-—Ä–æ–¥–∏—Ç–µ–ª—å: main

2020-09-08 17:25:02,068    INFO       client –ñ–¥–µ–º –æ—Ç–≤–µ—Ç –æ—Ç —Å–µ—Ä–≤–µ—Ä–∞...
2020-09-08 17:25:02,271    DEBUG      log_decorator 
–ò–¥–µ—Ç –≤—ã–∑–æ–≤ —Ñ—É–Ω–∫—Ü–∏–∏.
–ò–º—è: msg_recv_func
–ü–æ–∑–∏—Ü–∏–æ–Ω–Ω—ã–µ –∞—Ä–≥—É–º–µ–Ω—Ç—ã: (<socket.socket fd=360, family=AddressFamily.AF_INET, type=SocketKind.SOCK_STREAM, proto=0, laddr=('192.168.0.107', 51699), raddr=('192.168.0.107', 8888)>,)
–ò–º–µ–Ω–æ–≤–∞–Ω–Ω—ã–µ –∞—Ä–≥—É–º–µ–Ω—Ç—ã: {}
–§—É–Ω–∫—Ü–∏—è-—Ä–æ–¥–∏—Ç–µ–ª—å: main

2020-09-08 17:25:02,271    INFO       client –ü–æ–ª—É—á–µ–Ω –æ—Ç–≤–µ—Ç —Å–µ—Ä–≤–µ—Ä–∞...
2020-09-08 17:25:02,271    DEBUG      client –ò–Ω—Ç–µ—Ä–ø—Ä–µ—Ç–∏—Ä—É–µ–º –æ—Ç–≤–µ—Ç —Å–µ—Ä–≤–µ—Ä–∞...
2020-09-08 17:25:02,271    DEBUG      client –ó–∞–ø—É—Å–∫ —Ñ—É–Ω–∫—Ü–∏–∏ –∏–Ω—Ç–µ—Ä–ø—Ä–µ—Ç–∏—Ä–æ–≤–∞–Ω–∏—è –æ—Ç–≤–µ—Ç–∞ —Å–µ—Ä–≤–µ—Ä–∞...
2020-09-08 17:25:02,271    DEBUG      client –û—Ç–≤–µ—Ç —Å–µ—Ä–≤–µ—Ä–∞ –∫–æ—Ä—Ä–µ–∫—Ç–µ–Ω. –§–æ—Ä–º–∏—Ä—É–µ–º —à—Ç–∞—Ç–Ω—É—é –∏–Ω—Ç–µ—Ä–ø—Ä–µ—Ç–∞—Ü–∏—é...
2020-09-08 17:25:02,272    DEBUG      log_decorator 
–ò–¥–µ—Ç –≤—ã–∑–æ–≤ —Ñ—É–Ω–∫—Ü–∏–∏.
–ò–º—è: ans_rework_func
–ü–æ–∑–∏—Ü–∏–æ–Ω–Ω—ã–µ –∞—Ä–≥—É–º–µ–Ω—Ç—ã: ({'response': 200},)
–ò–º–µ–Ω–æ–≤–∞–Ω–Ω—ã–µ –∞—Ä–≥—É–º–µ–Ω—Ç—ã: {}
–§—É–Ω–∫—Ü–∏—è-—Ä–æ–¥–∏—Ç–µ–ª—å: main

2020-09-08 17:25:02,272    INFO       client –û—Ç–≤–µ—Ç —Å–µ—Ä–≤–µ—Ä–∞:
–ö–æ–¥ –æ—Ç–≤–µ—Ç–∞ —Å–µ—Ä–≤–µ—Ä–∞: 200 ->> –≤—Å–µ —Ö–æ—Ä–æ—à–æ.
2020-09-08 17:26:09,972    DEBUG      client –°–æ–æ–±—â–µ–Ω–∏–µ –¥–ª—è —Å–µ—Ä–≤–µ—Ä–∞ —Å—Ñ–æ—Ä–º–∏—Ä–æ–≤–∞–Ω–æ.
2020-09-08 17:26:09,972    DEBUG      log_decorator 
–ò–¥–µ—Ç –≤—ã–∑–æ–≤ —Ñ—É–Ω–∫—Ü–∏–∏.
–ò–º—è: client_msg_text_func
–ü–æ–∑–∏—Ü–∏–æ–Ω–Ω—ã–µ –∞—Ä–≥—É–º–µ–Ω—Ç—ã: (<socket.socket fd=360, family=AddressFamily.AF_INET, type=SocketKind.SOCK_STREAM, proto=0, laddr=('192.168.0.107', 51699), raddr=('192.168.0.107', 8888)>,)
–ò–º–µ–Ω–æ–≤–∞–Ω–Ω—ã–µ –∞—Ä–≥—É–º–µ–Ω—Ç—ã: {}
–§—É–Ω–∫—Ü–∏—è-—Ä–æ–¥–∏—Ç–µ–ª—å: main

2020-09-08 17:26:09,973    DEBUG      log_decorator 
–ò–¥–µ—Ç –≤—ã–∑–æ–≤ —Ñ—É–Ω–∫—Ü–∏–∏.
–ò–º—è: msg_send_func
–ü–æ–∑–∏—Ü–∏–æ–Ω–Ω—ã–µ –∞—Ä–≥—É–º–µ–Ω—Ç—ã: ({'action': 'msg', 'time': 1599575169.9722445, 'sender': 'Guest', 'message': '–ü—Ä–∏–≤–µ—Ç!'}, <socket.socket fd=360, family=AddressFamily.AF_INET, type=SocketKind.SOCK_STREAM, proto=0, laddr=('192.168.0.107', 51699), raddr=('192.168.0.107', 8888)>)
–ò–º–µ–Ω–æ–≤–∞–Ω–Ω—ã–µ –∞—Ä–≥—É–º–µ–Ω—Ç—ã: {}
–§—É–Ω–∫—Ü–∏—è-—Ä–æ–¥–∏—Ç–µ–ª—å: main

2020-09-08 17:34:25,316    INFO       client –ö–ª–∏–µ–Ω—Ç —Ä–µ—à–∏–ª –∑–∞–≤–µ—Ä—à–∏—Ç—å —Å–µ–∞–Ω—Å —Å–æ–µ–¥–∏–Ω–µ–Ω–∏—è —Å —Å–µ—Ä–≤–µ—Ä–æ–º.
–ó–∞–≤–µ—Ä—à–∞–µ–º...
2020-09-08 17:36:03,105    INFO       client –ó–∞–ø—É—Å–∫–∞–µ–º —Ä–∞–±–æ—Ç—É –∫–ª–∏–µ–Ω—Ç–∞...
2020-09-08 17:36:03,109    DEBUG      log_decorator 
–ò–¥–µ—Ç –≤—ã–∑–æ–≤ —Ñ—É–Ω–∫—Ü–∏–∏.
–ò–º—è: arg_parser_func
–ü–æ–∑–∏—Ü–∏–æ–Ω–Ω—ã–µ –∞—Ä–≥—É–º–µ–Ω—Ç—ã: ()
–ò–º–µ–Ω–æ–≤–∞–Ω–Ω—ã–µ –∞—Ä–≥—É–º–µ–Ω—Ç—ã: {}
–§—É–Ω–∫—Ü–∏—è-—Ä–æ–¥–∏—Ç–µ–ª—å: main

2020-09-08 17:36:03,109    INFO       client –†–µ–∂–∏–º —Ä–∞–±–æ—Ç—ã –∫–ª–∏–µ–Ω—Ç–∞: send
2020-09-08 17:36:03,110    INFO       client –ü–æ–ø—ã—Ç–∫–∞ –ø–æ–¥–∫–ª—é—á–µ–Ω–∏—è –∫ —Å–µ—Ä–≤–µ—Ä—É:
–ü–æ—Ä—Ç —Å–µ—Ä–≤–µ—Ä–∞: 8888
–ê–¥—Ä–µ—Å —Å–µ—Ä–≤–µ—Ä–∞: 192.168.0.107
2020-09-08 17:36:03,110    INFO       client –£—Å—Ç–∞–Ω–æ–≤–ª–µ–Ω–æ —Å–æ–µ–¥–∏–Ω–µ–Ω–∏–µ —Å —Å–µ—Ä–≤–µ—Ä–æ–º.
2020-09-08 17:36:03,110    DEBUG      client –§–æ—Ä–º–∏—Ä—É–µ–º –ø—Ä–∏–≤–µ—Ç—Å—Ç–≤–µ–Ω–Ω–æ–µ —Å–æ–æ–±—â–µ–Ω–∏–µ –¥–ª—è —Å–µ—Ä–≤–µ—Ä–∞...
2020-09-08 17:36:03,110    DEBUG      client –°–æ–æ–±—â–µ–Ω–∏–µ –¥–ª—è —Å–µ—Ä–≤–µ—Ä–∞ —Å—Ñ–æ—Ä–º–∏—Ä–æ–≤–∞–Ω–æ.
2020-09-08 17:36:03,110    DEBUG      log_decorator 
–ò–¥–µ—Ç –≤—ã–∑–æ–≤ —Ñ—É–Ω–∫—Ü–∏–∏.
–ò–º—è: client_msg_presence_func
–ü–æ–∑–∏—Ü–∏–æ–Ω–Ω—ã–µ –∞—Ä–≥—É–º–µ–Ω—Ç—ã: ()
–ò–º–µ–Ω–æ–≤–∞–Ω–Ω—ã–µ –∞—Ä–≥—É–º–µ–Ω—Ç—ã: {}
–§—É–Ω–∫—Ü–∏—è-—Ä–æ–¥–∏—Ç–µ–ª—å: main

2020-09-08 17:36:03,110    DEBUG      client –û—Ç–ø—Ä–∞–≤–ª—è–µ–º —Å–æ–æ–±—â–µ–Ω–∏–µ –¥–ª—è —Å–µ—Ä–≤–µ—Ä–∞...
2020-09-08 17:36:03,111    DEBUG      log_decorator 
–ò–¥–µ—Ç –≤—ã–∑–æ–≤ —Ñ—É–Ω–∫—Ü–∏–∏.
–ò–º—è: msg_send_func
–ü–æ–∑–∏—Ü–∏–æ–Ω–Ω—ã–µ –∞—Ä–≥—É–º–µ–Ω—Ç—ã: ({'action': 'presence', 'time': 1599575763.1106222, 'user': {'account_name': 'Guest'}}, <socket.socket fd=368, family=AddressFamily.AF_INET, type=SocketKind.SOCK_STREAM, proto=0, laddr=('192.168.0.107', 51721), raddr=('192.168.0.107', 8888)>)
–ò–º–µ–Ω–æ–≤–∞–Ω–Ω—ã–µ –∞—Ä–≥—É–º–µ–Ω—Ç—ã: {}
–§—É–Ω–∫—Ü–∏—è-—Ä–æ–¥–∏—Ç–µ–ª—å: main

2020-09-08 17:36:03,111    INFO       client –ñ–¥–µ–º –æ—Ç–≤–µ—Ç –æ—Ç —Å–µ—Ä–≤–µ—Ä–∞...
2020-09-08 17:36:03,316    DEBUG      log_decorator 
–ò–¥–µ—Ç –≤—ã–∑–æ–≤ —Ñ—É–Ω–∫—Ü–∏–∏.
–ò–º—è: msg_recv_func
–ü–æ–∑–∏—Ü–∏–æ–Ω–Ω—ã–µ –∞—Ä–≥—É–º–µ–Ω—Ç—ã: (<socket.socket fd=368, family=AddressFamily.AF_INET, type=SocketKind.SOCK_STREAM, proto=0, laddr=('192.168.0.107', 51721), raddr=('192.168.0.107', 8888)>,)
–ò–º–µ–Ω–æ–≤–∞–Ω–Ω—ã–µ –∞—Ä–≥—É–º–µ–Ω—Ç—ã: {}
–§—É–Ω–∫—Ü–∏—è-—Ä–æ–¥–∏—Ç–µ–ª—å: main

2020-09-08 17:36:03,317    INFO       client –ü–æ–ª—É—á–µ–Ω –æ—Ç–≤–µ—Ç —Å–µ—Ä–≤–µ—Ä–∞...
2020-09-08 17:36:03,317    DEBUG      client –ò–Ω—Ç–µ—Ä–ø—Ä–µ—Ç–∏—Ä—É–µ–º –æ—Ç–≤–µ—Ç —Å–µ—Ä–≤–µ—Ä–∞...
2020-09-08 17:36:03,317    DEBUG      client –ó–∞–ø—É—Å–∫ —Ñ—É–Ω–∫—Ü–∏–∏ –∏–Ω—Ç–µ—Ä–ø—Ä–µ—Ç–∏—Ä–æ–≤–∞–Ω–∏—è –æ—Ç–≤–µ—Ç–∞ —Å–µ—Ä–≤–µ—Ä–∞...
2020-09-08 17:36:03,318    DEBUG      client –û—Ç–≤–µ—Ç —Å–µ—Ä–≤–µ—Ä–∞ –∫–æ—Ä—Ä–µ–∫—Ç–µ–Ω. –§–æ—Ä–º–∏—Ä—É–µ–º —à—Ç–∞—Ç–Ω—É—é –∏–Ω—Ç–µ—Ä–ø—Ä–µ—Ç–∞—Ü–∏—é...
2020-09-08 17:36:03,320    DEBUG      log_decorator 
–ò–¥–µ—Ç –≤—ã–∑–æ–≤ —Ñ—É–Ω–∫—Ü–∏–∏.
–ò–º—è: ans_rework_func
–ü–æ–∑–∏—Ü–∏–æ–Ω–Ω—ã–µ –∞—Ä–≥—É–º–µ–Ω—Ç—ã: ({'response': 200},)
–ò–º–µ–Ω–æ–≤–∞–Ω–Ω—ã–µ –∞—Ä–≥—É–º–µ–Ω—Ç—ã: {}
–§—É–Ω–∫—Ü–∏—è-—Ä–æ–¥–∏—Ç–µ–ª—å: main

2020-09-08 17:36:03,320    INFO       client –û—Ç–≤–µ—Ç —Å–µ—Ä–≤–µ—Ä–∞:
–ö–æ–¥ –æ—Ç–≤–µ—Ç–∞ —Å–µ—Ä–≤–µ—Ä–∞: 200 ->> –≤—Å–µ —Ö–æ—Ä–æ—à–æ.
2020-09-08 17:37:07,100    INFO       client –ó–∞–ø—É—Å–∫–∞–µ–º —Ä–∞–±–æ—Ç—É –∫–ª–∏–µ–Ω—Ç–∞...
2020-09-08 17:37:07,105    DEBUG      log_decorator 
–ò–¥–µ—Ç –≤—ã–∑–æ–≤ —Ñ—É–Ω–∫—Ü–∏–∏.
–ò–º—è: arg_parser_func
–ü–æ–∑–∏—Ü–∏–æ–Ω–Ω—ã–µ –∞—Ä–≥—É–º–µ–Ω—Ç—ã: ()
–ò–º–µ–Ω–æ–≤–∞–Ω–Ω—ã–µ –∞—Ä–≥—É–º–µ–Ω—Ç—ã: {}
–§—É–Ω–∫—Ü–∏—è-—Ä–æ–¥–∏—Ç–µ–ª—å: main

2020-09-08 17:37:07,105    INFO       client –†–µ–∂–∏–º —Ä–∞–±–æ—Ç—ã –∫–ª–∏–µ–Ω—Ç–∞: send
2020-09-08 17:37:07,106    INFO       client –ü–æ–ø—ã—Ç–∫–∞ –ø–æ–¥–∫–ª—é—á–µ–Ω–∏—è –∫ —Å–µ—Ä–≤–µ—Ä—É:
–ü–æ—Ä—Ç —Å–µ—Ä–≤–µ—Ä–∞: 8888
–ê–¥—Ä–µ—Å —Å–µ—Ä–≤–µ—Ä–∞: 192.168.0.107
2020-09-08 17:37:07,106    INFO       client –£—Å—Ç–∞–Ω–æ–≤–ª–µ–Ω–æ —Å–æ–µ–¥–∏–Ω–µ–Ω–∏–µ —Å —Å–µ—Ä–≤–µ—Ä–æ–º.
2020-09-08 17:37:07,106    DEBUG      client –§–æ—Ä–º–∏—Ä—É–µ–º –ø—Ä–∏–≤–µ—Ç—Å—Ç–≤–µ–Ω–Ω–æ–µ —Å–æ–æ–±—â–µ–Ω–∏–µ –¥–ª—è —Å–µ—Ä–≤–µ—Ä–∞...
2020-09-08 17:37:07,106    DEBUG      client –°–æ–æ–±—â–µ–Ω–∏–µ –¥–ª—è —Å–µ—Ä–≤–µ—Ä–∞ —Å—Ñ–æ—Ä–º–∏—Ä–æ–≤–∞–Ω–æ.
2020-09-08 17:37:07,106    DEBUG      log_decorator 
–ò–¥–µ—Ç –≤—ã–∑–æ–≤ —Ñ—É–Ω–∫—Ü–∏–∏.
–ò–º—è: client_msg_presence_func
–ü–æ–∑–∏—Ü–∏–æ–Ω–Ω—ã–µ –∞—Ä–≥—É–º–µ–Ω—Ç—ã: ()
–ò–º–µ–Ω–æ–≤–∞–Ω–Ω—ã–µ –∞—Ä–≥—É–º–µ–Ω—Ç—ã: {}
–§—É–Ω–∫—Ü–∏—è-—Ä–æ–¥–∏—Ç–µ–ª—å: main

2020-09-08 17:37:07,106    DEBUG      client –û—Ç–ø—Ä–∞–≤–ª—è–µ–º —Å–æ–æ–±—â–µ–Ω–∏–µ –¥–ª—è —Å–µ—Ä–≤–µ—Ä–∞...
2020-09-08 17:37:07,107    DEBUG      log_decorator 
–ò–¥–µ—Ç –≤—ã–∑–æ–≤ —Ñ—É–Ω–∫—Ü–∏–∏.
–ò–º—è: msg_send_func
–ü–æ–∑–∏—Ü–∏–æ–Ω–Ω—ã–µ –∞—Ä–≥—É–º–µ–Ω—Ç—ã: ({'action': 'presence', 'time': 1599575827.1064816, 'user': {'account_name': 'Guest'}}, <socket.socket fd=348, family=AddressFamily.AF_INET, type=SocketKind.SOCK_STREAM, proto=0, laddr=('192.168.0.107', 51723), raddr=('192.168.0.107', 8888)>)
–ò–º–µ–Ω–æ–≤–∞–Ω–Ω—ã–µ –∞—Ä–≥—É–º–µ–Ω—Ç—ã: {}
–§—É–Ω–∫—Ü–∏—è-—Ä–æ–¥–∏—Ç–µ–ª—å: main

2020-09-08 17:37:07,107    INFO       client –ñ–¥–µ–º –æ—Ç–≤–µ—Ç –æ—Ç —Å–µ—Ä–≤–µ—Ä–∞...
2020-09-08 17:37:07,310    DEBUG      log_decorator 
–ò–¥–µ—Ç –≤—ã–∑–æ–≤ —Ñ—É–Ω–∫—Ü–∏–∏.
–ò–º—è: msg_recv_func
–ü–æ–∑–∏—Ü–∏–æ–Ω–Ω—ã–µ –∞—Ä–≥—É–º–µ–Ω—Ç—ã: (<socket.socket fd=348, family=AddressFamily.AF_INET, type=SocketKind.SOCK_STREAM, proto=0, laddr=('192.168.0.107', 51723), raddr=('192.168.0.107', 8888)>,)
–ò–º–µ–Ω–æ–≤–∞–Ω–Ω—ã–µ –∞—Ä–≥—É–º–µ–Ω—Ç—ã: {}
–§—É–Ω–∫—Ü–∏—è-—Ä–æ–¥–∏—Ç–µ–ª—å: main

2020-09-08 17:37:07,310    INFO       client –ü–æ–ª—É—á–µ–Ω –æ—Ç–≤–µ—Ç —Å–µ—Ä–≤–µ—Ä–∞...
2020-09-08 17:37:07,310    DEBUG      client –ò–Ω—Ç–µ—Ä–ø—Ä–µ—Ç–∏—Ä—É–µ–º –æ—Ç–≤–µ—Ç —Å–µ—Ä–≤–µ—Ä–∞...
2020-09-08 17:37:07,310    DEBUG      client –ó–∞–ø—É—Å–∫ —Ñ—É–Ω–∫—Ü–∏–∏ –∏–Ω—Ç–µ—Ä–ø—Ä–µ—Ç–∏—Ä–æ–≤–∞–Ω–∏—è –æ—Ç–≤–µ—Ç–∞ —Å–µ—Ä–≤–µ—Ä–∞...
2020-09-08 17:37:07,310    DEBUG      client –û—Ç–≤–µ—Ç —Å–µ—Ä–≤–µ—Ä–∞ –∫–æ—Ä—Ä–µ–∫—Ç–µ–Ω. –§–æ—Ä–º–∏—Ä—É–µ–º —à—Ç–∞—Ç–Ω—É—é –∏–Ω—Ç–µ—Ä–ø—Ä–µ—Ç–∞—Ü–∏—é...
2020-09-08 17:37:07,311    DEBUG      log_decorator 
–ò–¥–µ—Ç –≤—ã–∑–æ–≤ —Ñ—É–Ω–∫—Ü–∏–∏.
–ò–º—è: ans_rework_func
–ü–æ–∑–∏—Ü–∏–æ–Ω–Ω—ã–µ –∞—Ä–≥—É–º–µ–Ω—Ç—ã: ({'response': 200},)
–ò–º–µ–Ω–æ–≤–∞–Ω–Ω—ã–µ –∞—Ä–≥—É–º–µ–Ω—Ç—ã: {}
–§—É–Ω–∫—Ü–∏—è-—Ä–æ–¥–∏—Ç–µ–ª—å: main

2020-09-08 17:37:07,311    INFO       client –û—Ç–≤–µ—Ç —Å–µ—Ä–≤–µ—Ä–∞:
–ö–æ–¥ –æ—Ç–≤–µ—Ç–∞ —Å–µ—Ä–≤–µ—Ä–∞: 200 ->> –≤—Å–µ —Ö–æ—Ä–æ—à–æ.
2020-09-08 17:44:33,683    DEBUG      client –°–æ–æ–±—â–µ–Ω–∏–µ –¥–ª—è —Å–µ—Ä–≤–µ—Ä–∞ —Å—Ñ–æ—Ä–º–∏—Ä–æ–≤–∞–Ω–æ.
2020-09-08 17:44:33,684    DEBUG      log_decorator 
–ò–¥–µ—Ç –≤—ã–∑–æ–≤ —Ñ—É–Ω–∫—Ü–∏–∏.
–ò–º—è: client_msg_text_func
–ü–æ–∑–∏—Ü–∏–æ–Ω–Ω—ã–µ –∞—Ä–≥—É–º–µ–Ω—Ç—ã: (<socket.socket fd=348, family=AddressFamily.AF_INET, type=SocketKind.SOCK_STREAM, proto=0, laddr=('192.168.0.107', 51723), raddr=('192.168.0.107', 8888)>,)
–ò–º–µ–Ω–æ–≤–∞–Ω–Ω—ã–µ –∞—Ä–≥—É–º–µ–Ω—Ç—ã: {}
–§—É–Ω–∫—Ü–∏—è-—Ä–æ–¥–∏—Ç–µ–ª—å: main

2020-09-08 17:44:33,685    DEBUG      log_decorator 
–ò–¥–µ—Ç –≤—ã–∑–æ–≤ —Ñ—É–Ω–∫—Ü–∏–∏.
–ò–º—è: msg_send_func
–ü–æ–∑–∏—Ü–∏–æ–Ω–Ω—ã–µ –∞—Ä–≥—É–º–µ–Ω—Ç—ã: ({'action': 'msg', 'time': 1599576273.683566, 'sender': 'Guest', 'message': 'Privet'}, <socket.socket fd=348, family=AddressFamily.AF_INET, type=SocketKind.SOCK_STREAM, proto=0, laddr=('192.168.0.107', 51723), raddr=('192.168.0.107', 8888)>)
–ò–º–µ–Ω–æ–≤–∞–Ω–Ω—ã–µ –∞—Ä–≥—É–º–µ–Ω—Ç—ã: {}
–§—É–Ω–∫—Ü–∏—è-—Ä–æ–¥–∏—Ç–µ–ª—å: main

2020-09-08 17:53:15,209    INFO       client –ó–∞–ø—É—Å–∫–∞–µ–º —Ä–∞–±–æ—Ç—É –∫–ª–∏–µ–Ω—Ç–∞...
2020-09-08 17:53:15,210    INFO       client –†–µ–∂–∏–º —Ä–∞–±–æ—Ç—ã –∫–ª–∏–µ–Ω—Ç–∞: send
2020-09-08 17:53:15,210    INFO       client –ü–æ–ø—ã—Ç–∫–∞ –ø–æ–¥–∫–ª—é—á–µ–Ω–∏—è –∫ —Å–µ—Ä–≤–µ—Ä—É:
–ü–æ—Ä—Ç —Å–µ—Ä–≤–µ—Ä–∞: 8888
–ê–¥—Ä–µ—Å —Å–µ—Ä–≤–µ—Ä–∞: 192.168.0.107
2020-09-08 17:53:15,211    INFO       client –£—Å—Ç–∞–Ω–æ–≤–ª–µ–Ω–æ —Å–æ–µ–¥–∏–Ω–µ–Ω–∏–µ —Å —Å–µ—Ä–≤–µ—Ä–æ–º.
2020-09-08 17:53:15,211    INFO       client –ó–∞–ø—É—Å–∫–∞–µ–º —Ä–∞–±–æ—Ç—É –∫–ª–∏–µ–Ω—Ç–∞...
2020-09-08 17:53:15,211    DEBUG      client –§–æ—Ä–º–∏—Ä—É–µ–º –ø—Ä–∏–≤–µ—Ç—Å—Ç–≤–µ–Ω–Ω–æ–µ —Å–æ–æ–±—â–µ–Ω–∏–µ –¥–ª—è —Å–µ—Ä–≤–µ—Ä–∞...
2020-09-08 17:53:15,211    DEBUG      client –°–æ–æ–±—â–µ–Ω–∏–µ –¥–ª—è —Å–µ—Ä–≤–µ—Ä–∞ —Å—Ñ–æ—Ä–º–∏—Ä–æ–≤–∞–Ω–æ.
2020-09-08 17:53:15,211    INFO       client –ó–∞–ø—É—Å–∫–∞–µ–º —Ä–∞–±–æ—Ç—É –∫–ª–∏–µ–Ω—Ç–∞...
2020-09-08 17:53:15,211    DEBUG      client –û—Ç–ø—Ä–∞–≤–ª—è–µ–º —Å–æ–æ–±—â–µ–Ω–∏–µ –¥–ª—è —Å–µ—Ä–≤–µ—Ä–∞...
2020-09-08 17:53:15,211    INFO       client –ñ–¥–µ–º –æ—Ç–≤–µ—Ç –æ—Ç —Å–µ—Ä–≤–µ—Ä–∞...
2020-09-08 17:53:15,212    INFO       client –†–µ–∂–∏–º —Ä–∞–±–æ—Ç—ã –∫–ª–∏–µ–Ω—Ç–∞: listen
2020-09-08 17:53:15,212    INFO       client –†–µ–∂–∏–º —Ä–∞–±–æ—Ç—ã –∫–ª–∏–µ–Ω—Ç–∞: send
2020-09-08 17:53:15,212    INFO       client –ü–æ–ø—ã—Ç–∫–∞ –ø–æ–¥–∫–ª—é—á–µ–Ω–∏—è –∫ —Å–µ—Ä–≤–µ—Ä—É:
–ü–æ—Ä—Ç —Å–µ—Ä–≤–µ—Ä–∞: 8888
–ê–¥—Ä–µ—Å —Å–µ—Ä–≤–µ—Ä–∞: 192.168.0.107
2020-09-08 17:53:15,212    INFO       client –£—Å—Ç–∞–Ω–æ–≤–ª–µ–Ω–æ —Å–æ–µ–¥–∏–Ω–µ–Ω–∏–µ —Å —Å–µ—Ä–≤–µ—Ä–æ–º.
2020-09-08 17:53:15,212    DEBUG      client –§–æ—Ä–º–∏—Ä—É–µ–º –ø—Ä–∏–≤–µ—Ç—Å—Ç–≤–µ–Ω–Ω–æ–µ —Å–æ–æ–±—â–µ–Ω–∏–µ –¥–ª—è —Å–µ—Ä–≤–µ—Ä–∞...
2020-09-08 17:53:15,213    INFO       client –ü–æ–ø—ã—Ç–∫–∞ –ø–æ–¥–∫–ª—é—á–µ–Ω–∏—è –∫ —Å–µ—Ä–≤–µ—Ä—É:
–ü–æ—Ä—Ç —Å–µ—Ä–≤–µ—Ä–∞: 8888
–ê–¥—Ä–µ—Å —Å–µ—Ä–≤–µ—Ä–∞: 192.168.0.107
2020-09-08 17:53:15,213    DEBUG      client –°–æ–æ–±—â–µ–Ω–∏–µ –¥–ª—è —Å–µ—Ä–≤–µ—Ä–∞ —Å—Ñ–æ—Ä–º–∏—Ä–æ–≤–∞–Ω–æ.
2020-09-08 17:53:15,213    INFO       client –£—Å—Ç–∞–Ω–æ–≤–ª–µ–Ω–æ —Å–æ–µ–¥–∏–Ω–µ–Ω–∏–µ —Å —Å–µ—Ä–≤–µ—Ä–æ–º.
2020-09-08 17:53:15,213    DEBUG      client –û—Ç–ø—Ä–∞–≤–ª—è–µ–º —Å–æ–æ–±—â–µ–Ω–∏–µ –¥–ª—è —Å–µ—Ä–≤–µ—Ä–∞...
2020-09-08 17:53:15,213    INFO       client –ü–æ–ª—É—á–µ–Ω –æ—Ç–≤–µ—Ç —Å–µ—Ä–≤–µ—Ä–∞...
2020-09-08 17:53:15,213    DEBUG      client –§–æ—Ä–º–∏—Ä—É–µ–º –ø—Ä–∏–≤–µ—Ç—Å—Ç–≤–µ–Ω–Ω–æ–µ —Å–æ–æ–±—â–µ–Ω–∏–µ –¥–ª—è —Å–µ—Ä–≤–µ—Ä–∞...
2020-09-08 17:53:15,213    INFO       client –ñ–¥–µ–º –æ—Ç–≤–µ—Ç –æ—Ç —Å–µ—Ä–≤–µ—Ä–∞...
2020-09-08 17:53:15,213    DEBUG      client –ò–Ω—Ç–µ—Ä–ø—Ä–µ—Ç–∏—Ä—É–µ–º –æ—Ç–≤–µ—Ç —Å–µ—Ä–≤–µ—Ä–∞...
2020-09-08 17:53:15,213    DEBUG      client –°–æ–æ–±—â–µ–Ω–∏–µ –¥–ª—è —Å–µ—Ä–≤–µ—Ä–∞ —Å—Ñ–æ—Ä–º–∏—Ä–æ–≤–∞–Ω–æ.
2020-09-08 17:53:15,213    DEBUG      client –ó–∞–ø—É—Å–∫ —Ñ—É–Ω–∫—Ü–∏–∏ –∏–Ω—Ç–µ—Ä–ø—Ä–µ—Ç–∏—Ä–æ–≤–∞–Ω–∏—è –æ—Ç–≤–µ—Ç–∞ —Å–µ—Ä–≤–µ—Ä–∞...
2020-09-08 17:53:15,213    DEBUG      client –û—Ç–ø—Ä–∞–≤–ª—è–µ–º —Å–æ–æ–±—â–µ–Ω–∏–µ –¥–ª—è —Å–µ—Ä–≤–µ—Ä–∞...
2020-09-08 17:53:15,213    DEBUG      client –û—Ç–≤–µ—Ç —Å–µ—Ä–≤–µ—Ä–∞ –∫–æ—Ä—Ä–µ–∫—Ç–µ–Ω. –§–æ—Ä–º–∏—Ä—É–µ–º —à—Ç–∞—Ç–Ω—É—é –∏–Ω—Ç–µ—Ä–ø—Ä–µ—Ç–∞—Ü–∏—é...
2020-09-08 17:53:15,213    INFO       client –ñ–¥–µ–º –æ—Ç–≤–µ—Ç –æ—Ç —Å–µ—Ä–≤–µ—Ä–∞...
2020-09-08 17:53:15,213    INFO       client –û—Ç–≤–µ—Ç —Å–µ—Ä–≤–µ—Ä–∞:
–ö–æ–¥ –æ—Ç–≤–µ—Ç–∞ —Å–µ—Ä–≤–µ—Ä–∞: 200 ->> –≤—Å–µ —Ö–æ—Ä–æ—à–æ.
2020-09-08 17:53:15,214    INFO       client –ü–æ–ª—É—á–µ–Ω –æ—Ç–≤–µ—Ç —Å–µ—Ä–≤–µ—Ä–∞...
2020-09-08 17:53:15,214    DEBUG      client –ò–Ω—Ç–µ—Ä–ø—Ä–µ—Ç–∏—Ä—É–µ–º –æ—Ç–≤–µ—Ç —Å–µ—Ä–≤–µ—Ä–∞...
2020-09-08 17:53:15,214    INFO       client –ó–∞–ø—É—Å–∫–∞–µ–º —Ä–∞–±–æ—Ç—É –∫–ª–∏–µ–Ω—Ç–∞...
æ–≤–∞–Ω–∏—è –æ—Ç–≤–µ—Ç–∞ —Å–µ—Ä–≤–µ—Ä–∞...
2020-09-08 17:53:15,214    DEBUG      client –û—Ç–≤–µ—Ç —Å–µ—Ä–≤–µ—Ä–∞ –∫–æ—Ä—Ä–µ–∫—Ç–µ–Ω. –§–æ—Ä–º–∏—Ä—É–µ–º —à—Ç–∞—Ç–Ω—É—é –∏–Ω—Ç–µ—Ä–ø—Ä–µ—Ç–∞—Ü–∏—é...
2020-09-08 17:53:15,214    INFO       client –û—Ç–≤–µ—Ç —Å–µ—Ä–≤–µ—Ä–∞:
–ö–æ–¥ –æ—Ç–≤–µ—Ç–∞ —Å–µ—Ä–≤–µ—Ä–∞: 200 ->> –≤—Å–µ —Ö–æ—Ä–æ—à–æ.
2020-09-08 17:53:15,215    INFO       client –†–µ–∂–∏–º —Ä–∞–±–æ—Ç—ã –∫–ª–∏–µ–Ω—Ç–∞: listen
2020-09-08 17:53:15,215    INFO       client –ü–æ–ø—ã—Ç–∫–∞ –ø–æ–¥–∫–ª—é—á–µ–Ω–∏—è –∫ —Å–µ—Ä–≤–µ—Ä—É:
–ü–æ—Ä—Ç —Å–µ—Ä–≤–µ—Ä–∞: 8888
–ê–¥—Ä–µ—Å —Å–µ—Ä–≤–µ—Ä–∞: 192.168.0.107
2020-09-08 17:53:15,215    INFO       client –£—Å—Ç–∞–Ω–æ–≤–ª–µ–Ω–æ —Å–æ–µ–¥–∏–Ω–µ–Ω–∏–µ —Å —Å–µ—Ä–≤–µ—Ä–æ–º.
2020-09-08 17:53:15,216    DEBUG      client –§–æ—Ä–º–∏—Ä—É–µ–º –ø—Ä–∏–≤–µ—Ç—Å—Ç–≤–µ–Ω–Ω–æ–µ —Å–æ–æ–±—â–µ–Ω–∏–µ –¥–ª—è —Å–µ—Ä–≤–µ—Ä–∞...
2020-09-08 17:53:15,216    DEBUG      client –°–æ–æ–±—â–µ–Ω–∏–µ –¥–ª—è —Å–µ—Ä–≤–µ—Ä–∞ —Å—Ñ–æ—Ä–º–∏—Ä–æ–≤–∞–Ω–æ.
2020-09-08 17:53:15,216    DEBUG      client –û—Ç–ø—Ä–∞–≤–ª—è–µ–º —Å–æ–æ–±—â–µ–Ω–∏–µ –¥–ª—è —Å–µ—Ä–≤–µ—Ä–∞...
2020-09-08 17:53:15,216    INFO       client –ñ–¥–µ–º –æ—Ç–≤–µ—Ç –æ—Ç —Å–µ—Ä–≤–µ—Ä–∞...
2020-09-08 17:53:15,218    INFO       client –ü–æ–ª—É—á–µ–Ω –æ—Ç–≤–µ—Ç —Å–µ—Ä–≤–µ—Ä–∞...
2020-09-08 17:53:15,218    DEBUG      client –ò–Ω—Ç–µ—Ä–ø—Ä–µ—Ç–∏—Ä—É–µ–º –æ—Ç–≤–µ—Ç —Å–µ—Ä–≤–µ—Ä–∞...
2020-09-08 17:53:15,218    DEBUG      client –ó–∞–ø—É—Å–∫ —Ñ—É–Ω–∫—Ü–∏–∏ –∏–Ω—Ç–µ—Ä–ø—Ä–µ—Ç–∏—Ä–æ–≤–∞–Ω–∏—è –æ—Ç–≤–µ—Ç–∞ —Å–µ—Ä–≤–µ—Ä–∞...
2020-09-08 17:53:15,218    DEBUG      client –û—Ç–≤–µ—Ç —Å–µ—Ä–≤–µ—Ä–∞ –∫–æ—Ä—Ä–µ–∫—Ç–µ–Ω. –§–æ—Ä–º–∏—Ä—É–µ–º —à—Ç–∞—Ç–Ω—É—é –∏–Ω—Ç–µ—Ä–ø—Ä–µ—Ç–∞—Ü–∏—é...
2020-09-08 17:53:15,218    INFO       client –û—Ç–≤–µ—Ç —Å–µ—Ä–≤–µ—Ä–∞:
–ö–æ–¥ –æ—Ç–≤–µ—Ç–∞ —Å–µ—Ä–≤–µ—Ä–∞: 200 ->> –≤—Å–µ —Ö–æ—Ä–æ—à–æ.
2020-09-08 17:53:15,420    INFO       client –ü–æ–ª—É—á–µ–Ω –æ—Ç–≤–µ—Ç —Å–µ—Ä–≤–µ—Ä–∞...
2020-09-08 17:53:15,421    DEBUG      client –ò–Ω—Ç–µ—Ä–ø—Ä–µ—Ç–∏—Ä—É–µ–º –æ—Ç–≤–µ—Ç —Å–µ—Ä–≤–µ—Ä–∞...
2020-09-08 17:53:15,422    DEBUG      client –ó–∞–ø—É—Å–∫ —Ñ—É–Ω–∫—Ü–∏–∏ –∏–Ω—Ç–µ—Ä–ø—Ä–µ—Ç–∏—Ä–æ–≤–∞–Ω–∏—è –æ—Ç–≤–µ—Ç–∞ —Å–µ—Ä–≤–µ—Ä–∞...
2020-09-08 17:53:15,423    DEBUG      client –û—Ç–≤–µ—Ç —Å–µ—Ä–≤–µ—Ä–∞ –∫–æ—Ä—Ä–µ–∫—Ç–µ–Ω. –§–æ—Ä–º–∏—Ä—É–µ–º —à—Ç–∞—Ç–Ω—É—é –∏–Ω—Ç–µ—Ä–ø—Ä–µ—Ç–∞—Ü–∏—é...
2020-09-08 17:53:15,423    INFO       client –û—Ç–≤–µ—Ç —Å–µ—Ä–≤–µ—Ä–∞:
–ö–æ–¥ –æ—Ç–≤–µ—Ç–∞ —Å–µ—Ä–≤–µ—Ä–∞: 200 ->> –≤—Å–µ —Ö–æ—Ä–æ—à–æ.
2020-09-08 17:53:59,830    DEBUG      client –°–æ–æ–±—â–µ–Ω–∏–µ –¥–ª—è —Å–µ—Ä–≤–µ—Ä–∞ —Å—Ñ–æ—Ä–º–∏—Ä–æ–≤–∞–Ω–æ.
2020-09-08 17:53:59,831    DEBUG      client –°–æ–æ–±—â–µ–Ω–∏–µ –æ—Ç–ø—Ä–∞–≤–ª–µ–Ω–æ.
2020-09-08 17:53:59,873    DEBUG      client –ó–∞–ø—É—Å–∫ —Ñ—É–Ω–∫—Ü–∏–∏ –∏–Ω—Ç–µ—Ä–ø—Ä–µ—Ç–∏—Ä–æ–≤–∞–Ω–∏—è –æ—Ç–≤–µ—Ç–∞ —Å–µ—Ä–≤–µ—Ä–∞...
2020-09-08 17:53:59,874    DEBUG      client –ó–∞–ø—É—Å–∫ —Ñ—É–Ω–∫—Ü–∏–∏ –∏–Ω—Ç–µ—Ä–ø—Ä–µ—Ç–∏—Ä–æ–≤–∞–Ω–∏—è –æ—Ç–≤–µ—Ç–∞ —Å–µ—Ä–≤–µ—Ä–∞...
